<?xml version="1.0" encoding="UTF-8"?>
<testng-results ignored="0" total="1" passed="1" failed="0" skipped="0">
  <reporter-output>
    <line>
      <![CDATA[Reading data from excel sheet]]>
    </line>
    <line>
      <![CDATA[Reading data from excel sheet]]>
    </line>
    <line>
      <![CDATA[Test verifyUserNameexecution started]]>
    </line>
    <line>
      <![CDATA[This verifyUserNamemethod completed successfully]]>
    </line>
  </reporter-output>
  <suite started-at="2023-07-16T16:20:02 IST" name="Default suite" finished-at="2023-07-16T16:20:48 IST" duration-ms="45606">
    <groups>
    </groups>
    <test started-at="2023-07-16T16:20:02 IST" name="Default test" finished-at="2023-07-16T16:20:48 IST" duration-ms="45606">
      <class name="test.PolicyBazarUserNameValidate">
        <test-method is-config="true" signature="openBrowser1()[pri:0, instance:test.PolicyBazarUserNameValidate@445b295b]" started-at="2023-07-16T16:20:02 IST" name="openBrowser1" finished-at="2023-07-16T16:20:24 IST" duration-ms="21985" status="PASS">
          <reporter-output>
            <line>
              <![CDATA[Reading data from excel sheet]]>
            </line>
          </reporter-output>
        </test-method> <!-- openBrowser1 -->
        <test-method is-config="true" signature="loginToPolicy()[pri:0, instance:test.PolicyBazarUserNameValidate@445b295b]" started-at="2023-07-16T16:20:24 IST" name="loginToPolicy" finished-at="2023-07-16T16:20:40 IST" duration-ms="16130" status="PASS">
          <reporter-output>
            <line>
              <![CDATA[Reading data from excel sheet]]>
            </line>
          </reporter-output>
        </test-method> <!-- loginToPolicy -->
        <test-method signature="verifyUserName(java.lang.String)[pri:0, instance:test.PolicyBazarUserNameValidate@445b295b]" started-at="2023-07-16T16:20:40 IST" name="verifyUserName" data-provider="policyBazarData" finished-at="2023-07-16T16:20:45 IST" duration-ms="4774" status="PASS">
          <params>
            <param index="0">
              <value>
                <![CDATA[Akash Doiphode]]>
              </value>
            </param>
          </params>
          <reporter-output>
            <line>
              <![CDATA[Test verifyUserNameexecution started]]>
            </line>
            <line>
              <![CDATA[This verifyUserNamemethod completed successfully]]>
            </line>
          </reporter-output>
        </test-method> <!-- verifyUserName -->
        <test-method is-config="true" signature="afterMethod()[pri:0, instance:test.PolicyBazarUserNameValidate@445b295b]" started-at="2023-07-16T16:20:45 IST" name="afterMethod" finished-at="2023-07-16T16:20:45 IST" duration-ms="440" status="PASS">
          <reporter-output>
          </reporter-output>
        </test-method> <!-- afterMethod -->
        <test-method is-config="true" signature="aa()[pri:0, instance:test.PolicyBazarUserNameValidate@445b295b]" started-at="2023-07-16T16:20:45 IST" name="aa" finished-at="2023-07-16T16:20:48 IST" duration-ms="2164" status="PASS">
          <reporter-output>
          </reporter-output>
        </test-method> <!-- aa -->
      </class> <!-- test.PolicyBazarUserNameValidate -->
    </test> <!-- Default test -->
  </suite> <!-- Default suite -->
</testng-results>
